<?xml version="1.0" encoding="UTF-8"?>
<!-- Generated by org.testng.reporters.JUnitReportReporter -->
<testsuite hostname="Veerendra-PC" name="com.tm.TestCases.TestCases_Leave" tests="2" failures="0" timestamp="21 Oct 2019 04:29:17 GMT" time="49.547" errors="0">
  <testcase name="TC101_verifyLoginFunctionality" time="9.324" classname="com.tm.TestCases.TestCases_Leave"/>
  <testcase name="TC102_ApplyLeave" time="40.223" classname="com.tm.TestCases.TestCases_Leave"/>
</testsuite> <!-- com.tm.TestCases.TestCases_Leave -->
